2024-12-22 19:30:26.863326 INFO::Writing function arguments to log file
2024-12-22 19:30:26.868335 DEBUG::Function arguments
2024-12-22 19:30:26.870475 DEBUG::Output folder: Maaslin2_output_spa_class_rpkm
2024-12-22 19:30:26.872575 DEBUG::Min Abundance: 0.000000
2024-12-22 19:30:26.878033 DEBUG::Min Prevalence: 0.200000
2024-12-22 19:30:26.87994 DEBUG::Normalization: TSS
2024-12-22 19:30:26.881764 DEBUG::Transform: LOG
2024-12-22 19:30:26.884453 DEBUG::Analysis method: LM
2024-12-22 19:30:26.886441 DEBUG::Max significance: 0.250000
2024-12-22 19:30:26.888326 DEBUG::Random effects:
2024-12-22 19:30:26.890009 DEBUG::Fixed effects: status
2024-12-22 19:30:26.894874 DEBUG::Correction method: BH
2024-12-22 19:30:26.896786 DEBUG::Standardize: TRUE
2024-12-22 19:30:26.89969 DEBUG::Cores: 1
2024-12-22 19:30:26.901699 INFO::Verifying options selected are valid
2024-12-22 19:30:26.906118 INFO::Determining format of input files
2024-12-22 19:30:26.912666 INFO::Input format is data samples as rows and metadata samples as rows
2024-12-22 19:30:26.918286 DEBUG::A total of 18 samples were found in both the data and metadata
2024-12-22 19:30:26.920503 DEBUG::Reordering data/metadata to use same sample ordering
2024-12-22 19:30:26.929747 INFO::Formula for fixed effects: expr ~  status
2024-12-22 19:30:26.937347 INFO::Filter data based on min abundance and min prevalence
2024-12-22 19:30:26.94379 INFO::Total samples in data: 18
2024-12-22 19:30:26.949086 INFO::Min samples required with min abundance for a feature not to be filtered: 3.600000
2024-12-22 19:30:26.954348 INFO::Total filtered features: 2
2024-12-22 19:30:26.96238 INFO::Filtered feature names from abundance and prevalence filtering: carbapenem, peptide_antibiotic
2024-12-22 19:30:26.96827 INFO::Total filtered features with variance filtering: 0
2024-12-22 19:30:26.972489 INFO::Filtered feature names from variance filtering:
2024-12-22 19:30:26.981984 INFO::Running selected normalization method: TSS
2024-12-22 19:30:26.987183 INFO::Applying z-score to standardize continuous metadata
2024-12-22 19:30:27.000155 INFO::Running selected transform method: LOG
2024-12-22 19:30:27.006551 INFO::Running selected analysis method: LM
2024-12-22 19:30:27.017173 INFO::Fitting model to feature number 1, aminoglycoside_antibiotic
2024-12-22 19:30:27.035144 INFO::Fitting model to feature number 2, cephalosporin
2024-12-22 19:30:27.051379 INFO::Fitting model to feature number 3, cephamycin
2024-12-22 19:30:27.06828 INFO::Fitting model to feature number 4, fluoroquinolone_antibiotic
2024-12-22 19:30:27.08231 INFO::Fitting model to feature number 5, glycopeptide_antibiotic
2024-12-22 19:30:27.09848 INFO::Fitting model to feature number 6, monobactam
2024-12-22 19:30:27.11517 INFO::Fitting model to feature number 7, penam
2024-12-22 19:30:27.132368 INFO::Fitting model to feature number 8, penem
2024-12-22 19:30:27.150665 INFO::Fitting model to feature number 9, sulfonamide_antibiotic
2024-12-22 19:30:27.166157 INFO::Fitting model to feature number 10, tetracycline_antibiotic
2024-12-22 19:30:27.182419 INFO::Fitting model to feature number 11, disinfecting_agents_and_antiseptics
2024-12-22 19:30:27.197728 INFO::Fitting model to feature number 12, lincosamide_antibiotic
2024-12-22 19:30:27.214997 INFO::Fitting model to feature number 13, macrolide_antibiotic
2024-12-22 19:30:27.22929 INFO::Fitting model to feature number 14, nitroimidazole_antibiotic
2024-12-22 19:30:27.245106 INFO::Fitting model to feature number 15, streptogramin_A_antibiotic
2024-12-22 19:30:27.261677 INFO::Fitting model to feature number 16, streptogramin_B_antibiotic
2024-12-22 19:30:27.27887 INFO::Fitting model to feature number 17, streptogramin_antibiotic
2024-12-22 19:30:27.292824 INFO::Fitting model to feature number 18, elfamycin_antibiotic
2024-12-22 19:30:27.319347 INFO::Counting total values for each feature
2024-12-22 19:30:27.3298 INFO::Writing filtered data to file Maaslin2_output_spa_class_rpkm/features/filtered_data.tsv
2024-12-22 19:30:27.339625 INFO::Writing filtered, normalized data to file Maaslin2_output_spa_class_rpkm/features/filtered_data_norm.tsv
2024-12-22 19:30:27.353846 INFO::Writing filtered, normalized, transformed data to file Maaslin2_output_spa_class_rpkm/features/filtered_data_norm_transformed.tsv
2024-12-22 19:30:27.36753 WARNING::Deleting existing residuals file: Maaslin2_output_spa_class_rpkm/fits/residuals.rds
2024-12-22 19:30:27.378509 INFO::Writing residuals to file Maaslin2_output_spa_class_rpkm/fits/residuals.rds
2024-12-22 19:30:27.384551 WARNING::Deleting existing fitted file: Maaslin2_output_spa_class_rpkm/fits/fitted.rds
2024-12-22 19:30:27.389885 INFO::Writing fitted values to file Maaslin2_output_spa_class_rpkm/fits/fitted.rds
2024-12-22 19:30:27.397823 INFO::Writing all results to file (ordered by increasing q-values): Maaslin2_output_spa_class_rpkm/all_results.tsv
2024-12-22 19:30:27.410049 INFO::Writing the significant results (those which are less than or equal to the threshold of 0.250000 ) to file (ordered by increasing q-values): Maaslin2_output_spa_class_rpkm/significant_results.tsv
2024-12-22 19:30:27.42013 INFO::Writing heatmap of significant results to file: Maaslin2_output_spa_class_rpkm/heatmap.pdf
2024-12-22 19:30:27.429435 INFO::Writing association plots (one for each significant association) to output folder: Maaslin2_output_spa_class_rpkm
