2024-12-22 19:29:42.369925 INFO::Writing function arguments to log file
2024-12-22 19:29:42.374427 DEBUG::Function arguments
2024-12-22 19:29:42.376561 DEBUG::Output folder: Maaslin2_output_megahit_class_rpkm
2024-12-22 19:29:42.381806 DEBUG::Min Abundance: 0.000000
2024-12-22 19:29:42.383731 DEBUG::Min Prevalence: 0.200000
2024-12-22 19:29:42.38578 DEBUG::Normalization: TSS
2024-12-22 19:29:42.387645 DEBUG::Transform: LOG
2024-12-22 19:29:42.389319 DEBUG::Analysis method: LM
2024-12-22 19:29:42.391476 DEBUG::Max significance: 0.250000
2024-12-22 19:29:42.396817 DEBUG::Random effects:
2024-12-22 19:29:42.400214 DEBUG::Fixed effects: status
2024-12-22 19:29:42.402861 DEBUG::Correction method: BH
2024-12-22 19:29:42.405899 DEBUG::Standardize: TRUE
2024-12-22 19:29:42.409165 DEBUG::Cores: 1
2024-12-22 19:29:42.413274 INFO::Verifying options selected are valid
2024-12-22 19:29:42.418821 INFO::Determining format of input files
2024-12-22 19:29:42.423152 INFO::Input format is data samples as rows and metadata samples as rows
2024-12-22 19:29:42.431367 DEBUG::A total of 18 samples were found in both the data and metadata
2024-12-22 19:29:42.434948 DEBUG::Reordering data/metadata to use same sample ordering
2024-12-22 19:29:42.437462 INFO::Formula for fixed effects: expr ~  status
2024-12-22 19:29:42.442677 INFO::Filter data based on min abundance and min prevalence
2024-12-22 19:29:42.451995 INFO::Total samples in data: 18
2024-12-22 19:29:42.456627 INFO::Min samples required with min abundance for a feature not to be filtered: 3.600000
2024-12-22 19:29:42.465071 INFO::Total filtered features: 0
2024-12-22 19:29:42.470612 INFO::Filtered feature names from abundance and prevalence filtering:
2024-12-22 19:29:42.475718 INFO::Total filtered features with variance filtering: 0
2024-12-22 19:29:42.485797 INFO::Filtered feature names from variance filtering:
2024-12-22 19:29:42.49029 INFO::Running selected normalization method: TSS
2024-12-22 19:29:42.500633 INFO::Applying z-score to standardize continuous metadata
2024-12-22 19:29:42.517754 INFO::Running selected transform method: LOG
2024-12-22 19:29:42.523304 INFO::Running selected analysis method: LM
2024-12-22 19:29:42.534241 INFO::Fitting model to feature number 1, aminoglycoside_antibiotic
2024-12-22 19:29:42.549665 INFO::Fitting model to feature number 2, cephalosporin
2024-12-22 19:29:42.566423 INFO::Fitting model to feature number 3, cephamycin
2024-12-22 19:29:42.584432 INFO::Fitting model to feature number 4, fluoroquinolone_antibiotic
2024-12-22 19:29:42.600943 INFO::Fitting model to feature number 5, glycopeptide_antibiotic
2024-12-22 19:29:42.614361 INFO::Fitting model to feature number 6, monobactam
2024-12-22 19:29:42.625023 INFO::Fitting model to feature number 7, penam
2024-12-22 19:29:42.642334 INFO::Fitting model to feature number 8, penem
2024-12-22 19:29:42.658212 INFO::Fitting model to feature number 9, sulfonamide_antibiotic
2024-12-22 19:29:42.683052 INFO::Fitting model to feature number 10, tetracycline_antibiotic
2024-12-22 19:29:42.699728 INFO::Fitting model to feature number 11, disinfecting_agents_and_antiseptics
2024-12-22 19:29:42.714407 INFO::Fitting model to feature number 12, lincosamide_antibiotic
2024-12-22 19:29:42.726128 INFO::Fitting model to feature number 13, macrolide_antibiotic
2024-12-22 19:29:42.742334 INFO::Fitting model to feature number 14, nitroimidazole_antibiotic
2024-12-22 19:29:42.763529 INFO::Fitting model to feature number 15, streptogramin_A_antibiotic
2024-12-22 19:29:42.776003 INFO::Fitting model to feature number 16, streptogramin_B_antibiotic
2024-12-22 19:29:42.789437 INFO::Fitting model to feature number 17, streptogramin_antibiotic
2024-12-22 19:29:42.801633 INFO::Fitting model to feature number 18, elfamycin_antibiotic
2024-12-22 19:29:42.819733 INFO::Counting total values for each feature
2024-12-22 19:29:42.82605 INFO::Writing filtered data to file Maaslin2_output_megahit_class_rpkm/features/filtered_data.tsv
2024-12-22 19:29:42.841975 INFO::Writing filtered, normalized data to file Maaslin2_output_megahit_class_rpkm/features/filtered_data_norm.tsv
2024-12-22 19:29:42.852582 INFO::Writing filtered, normalized, transformed data to file Maaslin2_output_megahit_class_rpkm/features/filtered_data_norm_transformed.tsv
2024-12-22 19:29:42.863033 WARNING::Deleting existing residuals file: Maaslin2_output_megahit_class_rpkm/fits/residuals.rds
2024-12-22 19:29:42.869772 INFO::Writing residuals to file Maaslin2_output_megahit_class_rpkm/fits/residuals.rds
2024-12-22 19:29:42.874963 WARNING::Deleting existing fitted file: Maaslin2_output_megahit_class_rpkm/fits/fitted.rds
2024-12-22 19:29:42.883134 INFO::Writing fitted values to file Maaslin2_output_megahit_class_rpkm/fits/fitted.rds
2024-12-22 19:29:42.888314 INFO::Writing all results to file (ordered by increasing q-values): Maaslin2_output_megahit_class_rpkm/all_results.tsv
2024-12-22 19:29:42.897131 INFO::Writing the significant results (those which are less than or equal to the threshold of 0.250000 ) to file (ordered by increasing q-values): Maaslin2_output_megahit_class_rpkm/significant_results.tsv
2024-12-22 19:29:42.902972 INFO::Writing heatmap of significant results to file: Maaslin2_output_megahit_class_rpkm/heatmap.pdf
2024-12-22 19:29:42.920329 INFO::Writing association plots (one for each significant association) to output folder: Maaslin2_output_megahit_class_rpkm
2024-12-22 19:29:42.925223 INFO::Plotting associations from most to least significant, grouped by metadata
2024-12-22 19:29:42.932271 INFO::Plotting data for metadata number 1, status
2024-12-22 19:29:42.939046 INFO::Creating boxplot for categorical data, status vs cephalosporin
2024-12-22 19:29:43.204686 INFO::Creating boxplot for categorical data, status vs monobactam
2024-12-22 19:29:43.471039 INFO::Creating boxplot for categorical data, status vs penem
2024-12-22 19:29:43.751297 INFO::Creating boxplot for categorical data, status vs tetracycline_antibiotic
2024-12-22 19:29:44.014067 INFO::Creating boxplot for categorical data, status vs disinfecting_agents_and_antiseptics
